<?xml version="1.0" encoding="UTF-8"?>
<!-- Generated by org.testng.reporters.JUnitXMLReporter -->
<testsuite ignored="0" hostname="DESKTOP-2S7HFKC" failures="0" tests="3" name="Surefire test" time="0.06" errors="0" timestamp="2023-10-27T14:34:55 IST">
  <testcase classname="com.lbrce.devops.UserValidationTest" name="UserValidationTest1" time="0.016"/>
  <testcase classname="com.lbrce.devops.UserValidationTest" name="UserValidationTest2" time="0.001"/>
  <testcase classname="com.lbrce.devops.UserValidationTest" name="UserValidationTest3" time="0.0"/>
</testsuite> <!-- Surefire test -->
