<?xml version="1.0" encoding="UTF-8"?>
<testng-results ignored="0" total="3" passed="3" failed="0" skipped="0">
  <reporter-output>
  </reporter-output>
  <suite started-at="2023-10-27T14:34:55 IST" name="Surefire suite" finished-at="2023-10-27T14:34:55 IST" duration-ms="60">
    <groups>
    </groups>
    <test started-at="2023-10-27T14:34:55 IST" name="Surefire test" finished-at="2023-10-27T14:34:55 IST" duration-ms="60">
      <class name="com.lbrce.devops.UserValidationTest">
        <test-method signature="UserValidationTest1()[pri:0, instance:com.lbrce.devops.UserValidationTest@38e79ae3]" started-at="2023-10-27T14:34:55 IST" name="UserValidationTest1" finished-at="2023-10-27T14:34:55 IST" duration-ms="16" status="PASS">
          <reporter-output>
          </reporter-output>
        </test-method> <!-- UserValidationTest1 -->
        <test-method signature="UserValidationTest2()[pri:0, instance:com.lbrce.devops.UserValidationTest@38e79ae3]" started-at="2023-10-27T14:34:55 IST" name="UserValidationTest2" finished-at="2023-10-27T14:34:55 IST" duration-ms="1" status="PASS">
          <reporter-output>
          </reporter-output>
        </test-method> <!-- UserValidationTest2 -->
        <test-method signature="UserValidationTest3()[pri:0, instance:com.lbrce.devops.UserValidationTest@38e79ae3]" started-at="2023-10-27T14:34:55 IST" name="UserValidationTest3" finished-at="2023-10-27T14:34:55 IST" duration-ms="0" status="PASS">
          <reporter-output>
          </reporter-output>
        </test-method> <!-- UserValidationTest3 -->
      </class> <!-- com.lbrce.devops.UserValidationTest -->
    </test> <!-- Surefire test -->
  </suite> <!-- Surefire suite -->
</testng-results>
